#
# There is insufficient memory for the Java Runtime Environment to continue.
# Native memory allocation (mmap) failed to map 402653184 bytes. Error detail: G1 virtual space
# Possible reasons:
#   The system is out of physical RAM or swap space
#   This process is running with CompressedOops enabled, and the Java Heap may be blocking the growth of the native heap
# Possible solutions:
#   Reduce memory load on the system
#   Increase physical memory or swap space
#   Check if swap backing store is full
#   Decrease Java heap size (-Xmx/-Xms)
#   Decrease number of Java threads
#   Decrease Java thread stack sizes (-Xss)
#   Set larger code cache with -XX:ReservedCodeCacheSize=
#   JVM is running with Zero Based Compressed Oops mode in which the Java heap is
#     placed in the first 32GB address space. The Java Heap base address is the
#     maximum limit for the native heap growth. Please use -XX:HeapBaseMinAddress
#     to set the Java Heap base and to place the Java Heap above 32GB virtual address.
# This output file may be truncated or incomplete.
#
#  Out of Memory Error (os_windows.cpp:3828), pid=5772, tid=2520
#
# JRE version:  (21.0.5) (build )
# Java VM: OpenJDK 64-Bit Server VM (21.0.5+-13047016-b750.29, mixed mode, sharing, tiered, compressed oops, compressed class ptrs, g1 gc, windows-amd64)
# No core dump will be written. Minidumps are not enabled by default on client versions of Windows
#

---------------  S U M M A R Y ------------

Command Line: org.jetbrains.kotlin.cli.jvm.K2JVMCompiler @C:\Decompose MVI\app\build\20250321_9237839694895534659.compiler.options

Host: Intel(R) Core(TM) i7-10750H CPU @ 2.60GHz, 12 cores, 23G,  Windows 10 , 64 bit Build 19041 (10.0.19041.5438)
Time: Fri Mar 21 01:58:41 2025  Windows 10 , 64 bit Build 19041 (10.0.19041.5438) elapsed time: 0.011439 seconds (0d 0h 0m 0s)

---------------  T H R E A D  ---------------

Current thread (0x000001ea49da2a20):  JavaThread "Unknown thread" [_thread_in_vm, id=2520, stack(0x00000011fa500000,0x00000011fa600000) (1024K)]

Stack: [0x00000011fa500000,0x00000011fa600000]
Native frames: (J=compiled Java code, j=interpreted, Vv=VM code, C=native code)
V  [jvm.dll+0x6cfb29]
V  [jvm.dll+0x85df93]
V  [jvm.dll+0x8604ee]
V  [jvm.dll+0x860bd3]
V  [jvm.dll+0x27e6b6]
V  [jvm.dll+0x6cc385]
V  [jvm.dll+0x6c078a]
V  [jvm.dll+0x35525b]
V  [jvm.dll+0x35ceb6]
V  [jvm.dll+0x3aedd6]
V  [jvm.dll+0x3af0a8]
V  [jvm.dll+0x32792c]
V  [jvm.dll+0x32861b]
V  [jvm.dll+0x8259d9]
V  [jvm.dll+0x3bbfa8]
V  [jvm.dll+0x80ec88]
V  [jvm.dll+0x45015e]
V  [jvm.dll+0x4518c1]
C  [jli.dll+0x52ab]
C  [ucrtbase.dll+0x21bb2]
C  [KERNEL32.DLL+0x17374]
C  [ntdll.dll+0x4cc91]


---------------  P R O C E S S  ---------------

Threads class SMR info:
_java_thread_list=0x00007ffd8c060808, length=0, elements={
}

Java Threads: ( => current thread )
Total: 0

Other Threads:
  0x000001ea4bf03470 WorkerThread "GC Thread#0"                     [id=8704, stack(0x00000011fa600000,0x00000011fa700000) (1024K)]
  0x000001ea4bf10350 ConcurrentGCThread "G1 Main Marker"            [id=3676, stack(0x00000011fa700000,0x00000011fa800000) (1024K)]
  0x000001ea4bf10fd0 WorkerThread "G1 Conc#0"                       [id=16968, stack(0x00000011fa800000,0x00000011fa900000) (1024K)]

[error occurred during error reporting (printing all threads), id 0xc0000005, EXCEPTION_ACCESS_VIOLATION (0xc0000005) at pc=0x00007ffd8b85a967]
VM state: not at safepoint (not fully initialized)

VM Mutex/Monitor currently owned by a thread:  ([mutex/lock_event])
[0x00007ffd8c0cd460] Heap_lock - owner thread: 0x000001ea49da2a20

Heap address: 0x0000000682000000, size: 6112 MB, Compressed Oops mode: Zero based, Oop shift amount: 3

CDS archive(s) mapped at: [0x0000000000000000-0x0000000000000000-0x0000000000000000), size 0, SharedBaseAddress: 0x0000000800000000, ArchiveRelocationMode: 1.
Narrow klass base: 0x0000000000000000, Narrow klass shift: 0, Narrow klass range: 0x0

GC Precious Log:
 CardTable entry size: 512
 Card Set container configuration: InlinePtr #cards 4 size 8 Array Of Cards #cards 32 size 80 Howl #buckets 8 coarsen threshold 7372 Howl Bitmap #cards 1024 size 144 coarsen threshold 921 Card regions per heap region 1 cards per card region 8192

Heap:
 garbage-first heap   total 0K, used 0K [0x0000000682000000, 0x0000000800000000)
  region size 4096K, 0 young (0K), 0 survivors (0K)
 Metaspace       used 0K, committed 0K, reserved 0K
  class space    used 0K, committed 0K, reserved 0K

Heap Regions: E=young(eden), S=young(survivor), O=old, HS=humongous(starts), HC=humongous(continues), CS=collection set, F=free, TAMS=top-at-mark-start, PB=parsable bottom

Card table byte_map: [0x000001ea5f130000,0x000001ea5fd20000] _byte_map_base: 0x000001ea5bd20000

Marking Bits: (CMBitMap*) 0x000001ea4bf03b70
 Bits: [0x000001ea5fd20000, 0x000001ea65ca0000)

GC Heap History (0 events):
No events

Dll operation events (1 events):
Event: 0.007 Loaded shared library C:\Program Files\Android\Android Studio\jbr\bin\java.dll

Deoptimization events (0 events):
No events

Classes loaded (0 events):
No events

Classes unloaded (0 events):
No events

Classes redefined (0 events):
No events

Internal exceptions (0 events):
No events

ZGC Phase Switch (0 events):
No events

VM Operations (0 events):
No events

Memory protections (0 events):
No events

Nmethod flushes (0 events):
No events

Events (0 events):
No events


Dynamic libraries:
0x00007ff6c8a20000 - 0x00007ff6c8a2a000 	C:\Program Files\Android\Android Studio\jbr\bin\java.exe
0x00007ffddeb50000 - 0x00007ffdded48000 	C:\Windows\SYSTEM32\ntdll.dll
0x00007ffdddf30000 - 0x00007ffdddff2000 	C:\Windows\System32\KERNEL32.DLL
0x00007ffddc7c0000 - 0x00007ffddcabf000 	C:\Windows\System32\KERNELBASE.dll
0x00007ffddc1f0000 - 0x00007ffddc2f0000 	C:\Windows\System32\ucrtbase.dll
0x00007ffdd6720000 - 0x00007ffdd6738000 	C:\Program Files\Android\Android Studio\jbr\bin\jli.dll
0x00007ffdd4100000 - 0x00007ffdd411b000 	C:\Program Files\Android\Android Studio\jbr\bin\VCRUNTIME140.dll
0x00007ffddcce0000 - 0x00007ffddce7d000 	C:\Windows\System32\USER32.dll
0x00007ffddc4f0000 - 0x00007ffddc512000 	C:\Windows\System32\win32u.dll
0x00007ffdde510000 - 0x00007ffdde53b000 	C:\Windows\System32\GDI32.dll
0x00007ffddc520000 - 0x00007ffddc63a000 	C:\Windows\System32\gdi32full.dll
0x00007ffdb6870000 - 0x00007ffdb6b0a000 	C:\Windows\WinSxS\amd64_microsoft.windows.common-controls_6595b64144ccf1df_6.0.19041.4355_none_60b8b9eb71f62e16\COMCTL32.dll
0x00007ffddc720000 - 0x00007ffddc7bd000 	C:\Windows\System32\msvcp_win.dll
0x00007ffddcb70000 - 0x00007ffddcc0e000 	C:\Windows\System32\msvcrt.dll
0x00007ffddd370000 - 0x00007ffddd39f000 	C:\Windows\System32\IMM32.DLL
0x00007ffdd4e50000 - 0x00007ffdd4e5c000 	C:\Program Files\Android\Android Studio\jbr\bin\vcruntime140_1.dll
0x00007ffda2fc0000 - 0x00007ffda304d000 	C:\Program Files\Android\Android Studio\jbr\bin\msvcp140.dll
0x00007ffd8b520000 - 0x00007ffd8c1aa000 	C:\Program Files\Android\Android Studio\jbr\bin\server\jvm.dll
0x00007ffddd3a0000 - 0x00007ffddd44f000 	C:\Windows\System32\ADVAPI32.dll
0x00007ffdde5f0000 - 0x00007ffdde68f000 	C:\Windows\System32\sechost.dll
0x00007ffdde840000 - 0x00007ffdde963000 	C:\Windows\System32\RPCRT4.dll
0x00007ffddc450000 - 0x00007ffddc477000 	C:\Windows\System32\bcrypt.dll
0x00007ffdddeb0000 - 0x00007ffdddf1b000 	C:\Windows\System32\WS2_32.dll
0x00007ffddb780000 - 0x00007ffddb7cb000 	C:\Windows\SYSTEM32\POWRPROF.dll
0x00007ffdd57e0000 - 0x00007ffdd57ea000 	C:\Windows\SYSTEM32\VERSION.dll
0x00007ffdd01e0000 - 0x00007ffdd0207000 	C:\Windows\SYSTEM32\WINMM.dll
0x00007ffddb5f0000 - 0x00007ffddb602000 	C:\Windows\SYSTEM32\UMPDC.dll
0x00007ffddaa10000 - 0x00007ffddaa22000 	C:\Windows\SYSTEM32\kernel.appcore.dll
0x00007ffdd3f20000 - 0x00007ffdd3f2a000 	C:\Program Files\Android\Android Studio\jbr\bin\jimage.dll
0x00007ffdd9e00000 - 0x00007ffdd9fe4000 	C:\Windows\SYSTEM32\DBGHELP.DLL
0x00007ffdb2140000 - 0x00007ffdb2174000 	C:\Windows\SYSTEM32\dbgcore.DLL
0x00007ffddc640000 - 0x00007ffddc6c2000 	C:\Windows\System32\bcryptPrimitives.dll
0x00007ffdc5000000 - 0x00007ffdc5020000 	C:\Program Files\Android\Android Studio\jbr\bin\java.dll

dbghelp: loaded successfully - version: 4.0.5 - missing functions: none
symbol engine: initialized successfully - sym options: 0x614 - pdb path: .;C:\Program Files\Android\Android Studio\jbr\bin;C:\Windows\SYSTEM32;C:\Windows\WinSxS\amd64_microsoft.windows.common-controls_6595b64144ccf1df_6.0.19041.4355_none_60b8b9eb71f62e16;C:\Program Files\Android\Android Studio\jbr\bin\server

VM Arguments:
java_command: org.jetbrains.kotlin.cli.jvm.K2JVMCompiler @C:\Decompose MVI\app\build\20250321_9237839694895534659.compiler.options
java_class_path (initial): C:\Users\77756\.gradle\caches\modules-2\files-2.1\org.jetbrains.kotlin\kotlin-compiler-embeddable\1.9.21\a8f2d2fed3fc195beef3fab4a7fd1a844e101f0e\kotlin-compiler-embeddable-1.9.21.jar;C:\Users\77756\.gradle\caches\modules-2\files-2.1\org.jetbrains.kotlin\kotlin-stdlib\1.9.21\17ee3e873d439566c7d8354403b5f3d9744c4c9c\kotlin-stdlib-1.9.21.jar;C:\Users\77756\.gradle\caches\modules-2\files-2.1\org.jetbrains.kotlin\kotlin-script-runtime\1.9.21\f5ff679bd666f7f2376209fff998b775b7b701c7\kotlin-script-runtime-1.9.21.jar;C:\Users\77756\.gradle\caches\modules-2\files-2.1\org.jetbrains.kotlin\kotlin-reflect\1.6.10\1cbe9c92c12a94eea200d23c2bbaedaf3daf5132\kotlin-reflect-1.6.10.jar;C:\Users\77756\.gradle\caches\modules-2\files-2.1\org.jetbrains.kotlin\kotlin-daemon-embeddable\1.9.21\e21e55f41ec5f254aec366097b902709b5843234\kotlin-daemon-embeddable-1.9.21.jar;C:\Users\77756\.gradle\caches\modules-2\files-2.1\org.jetbrains.intellij.deps\trove4j\1.0.20200330\3afb14d5f9ceb459d724e907a21145e8ff394f02\trove4j-1.0.20200330.jar;C:\Users\77756\.gradle\caches\modules-2\files-2.1\org.jetbrains\annotations\13.0\919f0dfe192fb4e063e7dacadee7f8bb9a2672a9\annotations-13.0.jar
Launcher Type: SUN_STANDARD

[Global flags]
     intx CICompilerCount                          = 4                                         {product} {ergonomic}
     uint ConcGCThreads                            = 3                                         {product} {ergonomic}
     uint G1ConcRefinementThreads                  = 10                                        {product} {ergonomic}
   size_t G1HeapRegionSize                         = 4194304                                   {product} {ergonomic}
    uintx GCDrainStackTargetSize                   = 64                                        {product} {ergonomic}
   size_t InitialHeapSize                          = 402653184                                 {product} {ergonomic}
   size_t MarkStackSize                            = 4194304                                   {product} {ergonomic}
   size_t MaxHeapSize                              = 6408896512                                {product} {ergonomic}
   size_t MinHeapDeltaBytes                        = 4194304                                   {product} {ergonomic}
   size_t MinHeapSize                              = 8388608                                   {product} {ergonomic}
    uintx NonNMethodCodeHeapSize                   = 5839372                                {pd product} {ergonomic}
    uintx NonProfiledCodeHeapSize                  = 122909434                              {pd product} {ergonomic}
    uintx ProfiledCodeHeapSize                     = 122909434                              {pd product} {ergonomic}
    uintx ReservedCodeCacheSize                    = 251658240                              {pd product} {ergonomic}
     bool SegmentedCodeCache                       = true                                      {product} {ergonomic}
   size_t SoftMaxHeapSize                          = 6408896512                             {manageable} {ergonomic}
     bool UseCompressedOops                        = true                           {product lp64_product} {ergonomic}
     bool UseG1GC                                  = true                                      {product} {ergonomic}
     bool UseLargePagesIndividualAllocation        = false                                  {pd product} {ergonomic}

Logging:
Log output configuration:
 #0: stdout all=warning uptime,level,tags foldmultilines=false
 #1: stderr all=off uptime,level,tags foldmultilines=false

Environment Variables:
PATH=C:\app\77756\product\21c\dbhomeXE\bin;C:\Program Files\Common Files\Oracle\Java\javapath;C:\Program Files (x86)\Common Files\Oracle\Java\javapath;C:\Windows\system32;C:\Windows;C:\Windows\System32\Wbem;C:\Windows\System32\WindowsPowerShell\v1.0\;C:\Windows\System32\OpenSSH\;C:\Program Files\NVIDIA Corporation\NVIDIA NvDLISR;C:\Program Files (x86)\NVIDIA Corporation\PhysX\Common;C:\Program Files (x86)\dotnet\;C:\src\Android\SDK\cmdline-tools\tools\bin;C:\Program Files\Java\jdk-21\bin;C:\Program Files\Git\cmd;C:\Users\77756\AppData\Local\Microsoft\WindowsApps;C:\Users\77756\AppData\Local\JetBrains\Toolbox\scripts;C:\Users\77756\AppData\Local\Programs\Microsoft VS Code\bin
USERNAME=77756
OS=Windows_NT
PROCESSOR_IDENTIFIER=Intel64 Family 6 Model 165 Stepping 2, GenuineIntel
TMP=C:\Users\77756\AppData\Local\Temp
TEMP=C:\Users\77756\AppData\Local\Temp




Periodic native trim disabled

JNI global refs:
JNI global refs: 0, weak refs: 0

JNI global refs memory usage: 0, weak refs: 0

Process memory usage:
Resident Set Size: 10988K (0% of 25030844K total physical memory with 1949564K free physical memory)

OOME stack traces (most recent first):
Classloader memory used:

---------------  S Y S T E M  ---------------

OS:
 Windows 10 , 64 bit Build 19041 (10.0.19041.5438)
OS uptime: 1 days 3:42 hours

CPU: total 12 (initial active 12) (6 cores per cpu, 2 threads per core) family 6 model 165 stepping 2 microcode 0xc8, cx8, cmov, fxsr, ht, mmx, 3dnowpref, sse, sse2, sse3, ssse3, sse4.1, sse4.2, popcnt, lzcnt, tsc, tscinvbit, avx, avx2, aes, erms, clmul, bmi1, bmi2, adx, fma, vzeroupper, clflush, clflushopt, rdtscp, f16c, pku
Processor Information for all 12 processors :
  Max Mhz: 2592, Current Mhz: 2592, Mhz Limit: 2592

Memory: 4k page, system-wide physical 24444M (1903M free)
TotalPageFile size 24444M (AvailPageFile size 24M)
current process WorkingSet (physical memory assigned to process): 10M, peak: 10M
current process commit charge ("private bytes"): 64M, peak: 448M

vm_info: OpenJDK 64-Bit Server VM (21.0.5+-13047016-b750.29) for windows-amd64 JRE (21.0.5+-13047016-b750.29), built on 2025-02-11T21:12:39Z by "builder" with MS VC++ 16.10 / 16.11 (VS2019)

END.
